{"D:\\node\\11.0\\nodebird\\controllers\\user.js": {"path":"D:\\node\\11.0\\nodebird\\controllers\\user.js","statementMap":{"0":{"start":{"line":1,"column":19},"end":{"line":1,"column":45}},"1":{"start":{"line":2,"column":13},"end":{"line":2,"column":38}},"2":{"start":{"line":4,"column":0},"end":{"line":16,"column":1}},"3":{"start":{"line":5,"column":4},"end":{"line":15,"column":5}},"4":{"start":{"line":6,"column":23},"end":{"line":6,"column":62}},"5":{"start":{"line":7,"column":8},"end":{"line":11,"column":9}},"6":{"start":{"line":8,"column":12},"end":{"line":8,"column":32}},"7":{"start":{"line":9,"column":15},"end":{"line":11,"column":9}},"8":{"start":{"line":10,"column":12},"end":{"line":10,"column":44}},"9":{"start":{"line":13,"column":8},"end":{"line":13,"column":29}},"10":{"start":{"line":14,"column":8},"end":{"line":14,"column":20}},"11":{"start":{"line":18,"column":0},"end":{"line":32,"column":1}},"12":{"start":{"line":19,"column":4},"end":{"line":31,"column":5}},"13":{"start":{"line":20,"column":21},"end":{"line":20,"column":69}},"14":{"start":{"line":21,"column":25},"end":{"line":21,"column":75}},"15":{"start":{"line":22,"column":8},"end":{"line":27,"column":9}},"16":{"start":{"line":23,"column":12},"end":{"line":23,"column":49}},"17":{"start":{"line":24,"column":12},"end":{"line":24,"column":31}},"18":{"start":{"line":26,"column":12},"end":{"line":26,"column":44}},"19":{"start":{"line":29,"column":8},"end":{"line":29,"column":29}},"20":{"start":{"line":30,"column":8},"end":{"line":30,"column":20}}},"fnMap":{"0":{"name":"(anonymous_0)","decl":{"start":{"line":4,"column":17},"end":{"line":4,"column":18}},"loc":{"start":{"line":4,"column":41},"end":{"line":16,"column":1}},"line":4},"1":{"name":"(anonymous_1)","decl":{"start":{"line":18,"column":19},"end":{"line":18,"column":20}},"loc":{"start":{"line":18,"column":41},"end":{"line":32,"column":1}},"line":18}},"branchMap":{"0":{"loc":{"start":{"line":7,"column":8},"end":{"line":11,"column":9}},"type":"if","locations":[{"start":{"line":7,"column":8},"end":{"line":11,"column":9}},{"start":{"line":9,"column":15},"end":{"line":11,"column":9}}],"line":7},"1":{"loc":{"start":{"line":9,"column":15},"end":{"line":11,"column":9}},"type":"if","locations":[{"start":{"line":9,"column":15},"end":{"line":11,"column":9}},{"start":{},"end":{}}],"line":9},"2":{"loc":{"start":{"line":22,"column":8},"end":{"line":27,"column":9}},"type":"if","locations":[{"start":{"line":22,"column":8},"end":{"line":27,"column":9}},{"start":{"line":25,"column":15},"end":{"line":27,"column":9}}],"line":22},"3":{"loc":{"start":{"line":22,"column":11},"end":{"line":22,"column":27}},"type":"binary-expr","locations":[{"start":{"line":22,"column":11},"end":{"line":22,"column":15}},{"start":{"line":22,"column":19},"end":{"line":22,"column":27}}],"line":22}},"s":{"0":1,"1":1,"2":1,"3":3,"4":3,"5":2,"6":1,"7":1,"8":1,"9":1,"10":1,"11":1,"12":0,"13":0,"14":0,"15":0,"16":0,"17":0,"18":0,"19":0,"20":0},"f":{"0":3,"1":0},"b":{"0":[1,1],"1":[1,0],"2":[0,0],"3":[0,0]},"_coverageSchema":"1a1c01bbd47fc00a2c39e90264f33305004495a9","hash":"ada3c443ba42c3db106cf61459244604ac31ade2"}
,"D:\\node\\11.0\\nodebird\\middlewares\\index.js": {"path":"D:\\node\\11.0\\nodebird\\middlewares\\index.js","statementMap":{"0":{"start":{"line":1,"column":0},"end":{"line":7,"column":1}},"1":{"start":{"line":2,"column":4},"end":{"line":6,"column":5}},"2":{"start":{"line":3,"column":8},"end":{"line":3,"column":15}},"3":{"start":{"line":5,"column":8},"end":{"line":5,"column":39}},"4":{"start":{"line":9,"column":0},"end":{"line":16,"column":1}},"5":{"start":{"line":10,"column":4},"end":{"line":15,"column":5}},"6":{"start":{"line":11,"column":8},"end":{"line":11,"column":15}},"7":{"start":{"line":13,"column":24},"end":{"line":13,"column":57}},"8":{"start":{"line":14,"column":8},"end":{"line":14,"column":43}}},"fnMap":{"0":{"name":"(anonymous_0)","decl":{"start":{"line":1,"column":21},"end":{"line":1,"column":22}},"loc":{"start":{"line":1,"column":39},"end":{"line":7,"column":1}},"line":1},"1":{"name":"(anonymous_1)","decl":{"start":{"line":9,"column":24},"end":{"line":9,"column":25}},"loc":{"start":{"line":9,"column":40},"end":{"line":16,"column":1}},"line":9}},"branchMap":{"0":{"loc":{"start":{"line":2,"column":4},"end":{"line":6,"column":5}},"type":"if","locations":[{"start":{"line":2,"column":4},"end":{"line":6,"column":5}},{"start":{"line":4,"column":11},"end":{"line":6,"column":5}}],"line":2},"1":{"loc":{"start":{"line":10,"column":4},"end":{"line":15,"column":5}},"type":"if","locations":[{"start":{"line":10,"column":4},"end":{"line":15,"column":5}},{"start":{"line":12,"column":11},"end":{"line":15,"column":5}}],"line":10}},"s":{"0":1,"1":2,"2":1,"3":1,"4":1,"5":2,"6":1,"7":1,"8":1},"f":{"0":2,"1":2},"b":{"0":[1,1],"1":[1,1]},"_coverageSchema":"1a1c01bbd47fc00a2c39e90264f33305004495a9","hash":"2e124caad839dbf96be9f7a391d3a81cfd670d74"}
,"D:\\node\\11.0\\nodebird\\models\\user.js": {"path":"D:\\node\\11.0\\nodebird\\models\\user.js","statementMap":{"0":{"start":{"line":1,"column":18},"end":{"line":1,"column":38}},"1":{"start":{"line":5,"column":8},"end":{"line":37,"column":11}},"2":{"start":{"line":41,"column":8},"end":{"line":41,"column":33}},"3":{"start":{"line":42,"column":8},"end":{"line":46,"column":11}},"4":{"start":{"line":47,"column":8},"end":{"line":51,"column":11}},"5":{"start":{"line":52,"column":8},"end":{"line":56,"column":10}},"6":{"start":{"line":60,"column":0},"end":{"line":60,"column":22}}},"fnMap":{"0":{"name":"(anonymous_0)","decl":{"start":{"line":4,"column":4},"end":{"line":4,"column":5}},"loc":{"start":{"line":4,"column":30},"end":{"line":38,"column":5}},"line":4},"1":{"name":"(anonymous_1)","decl":{"start":{"line":40,"column":4},"end":{"line":40,"column":5}},"loc":{"start":{"line":40,"column":24},"end":{"line":57,"column":5}},"line":40}},"branchMap":{},"s":{"0":2,"1":0,"2":0,"3":0,"4":0,"5":0,"6":2},"f":{"0":0,"1":0},"b":{},"_coverageSchema":"1a1c01bbd47fc00a2c39e90264f33305004495a9","hash":"e47a2797c9bf96aad1193a788ba04a1551ab2286"}
,"D:\\node\\11.0\\nodebird\\service\\user.js": {"path":"D:\\node\\11.0\\nodebird\\service\\user.js","statementMap":{"0":{"start":{"line":1,"column":13},"end":{"line":1,"column":38}},"1":{"start":{"line":3,"column":0},"end":{"line":11,"column":2}},"2":{"start":{"line":4,"column":17},"end":{"line":4,"column":56}},"3":{"start":{"line":5,"column":4},"end":{"line":10,"column":5}},"4":{"start":{"line":6,"column":8},"end":{"line":6,"column":58}},"5":{"start":{"line":7,"column":8},"end":{"line":7,"column":20}},"6":{"start":{"line":9,"column":8},"end":{"line":9,"column":25}}},"fnMap":{"0":{"name":"(anonymous_0)","decl":{"start":{"line":3,"column":17},"end":{"line":3,"column":18}},"loc":{"start":{"line":3,"column":48},"end":{"line":11,"column":1}},"line":3}},"branchMap":{"0":{"loc":{"start":{"line":5,"column":4},"end":{"line":10,"column":5}},"type":"if","locations":[{"start":{"line":5,"column":4},"end":{"line":10,"column":5}},{"start":{"line":8,"column":11},"end":{"line":10,"column":5}}],"line":5}},"s":{"0":1,"1":1,"2":0,"3":0,"4":0,"5":0,"6":0},"f":{"0":0},"b":{"0":[0,0]},"_coverageSchema":"1a1c01bbd47fc00a2c39e90264f33305004495a9","hash":"89578be3384f5b90a277b7abfe20079737f22254"}
}
